
DISK GROUP QUOTAS for home and project file systems:
Filesystem                                 Quota     Used Space     Free Space
/home/hpc/h039y           ($HOME)        102.4GB   21.6GB (21%)   80.8GB (79%)
/gpfs/work/h039y          ($WORK)        1000.0GB   24.0MB ( 0%)  1000.0GB (100%)
-------------------------------------------------------------------------------

Executing LRZ User Prolog ...
/var/loadl/execute/srv03-ib.2500510.0/ser_gnu.sh: line 1: !/bin/bash: No such file or directory
Running problem size 30^3 per domain until completion
Num processors: 1
Total number of elements: 27000

To run other sizes, use -s <integer>.
To run a fixed number of iterations, use -i <integer>.
To run a more or less balanced region set, use -b <integer>.
To change the relative costs of regions, use -c <integer>.
To print out progress, use -p
To write an output file for VisIt, use -v
See help (-h) for more options

Run completed:  
   Problem size        =  30 
   MPI tasks           =  1 
   Iteration count     =  932 
   Final Origin Energy = 2.025075e+05 
   Testing Plane 0 of Energy Array on rank 0:
        MaxAbsDiff   = 4.001777e-11
        TotalAbsDiff = 6.748414e-10
        MaxRelDiff   = 1.502434e-12


Elapsed time         =      66.17 (s)
Grind time (us/z/c)  =  2.6294661 (per dom)  ( 2.6294661 overall)
FOM                  =  380.30533 (z/s)

